<?xml version="1.0" encoding="UTF-8"?>
<testng-results ignored="0" total="1" passed="1" failed="0" skipped="0">
  <reporter-output>
  </reporter-output>
  <suite started-at="2021-03-05T09:57:09 IST" name="Default suite" finished-at="2021-03-05T09:57:10 IST" duration-ms="1021">
    <groups>
    </groups>
    <test started-at="2021-03-05T09:57:09 IST" name="Default test" finished-at="2021-03-05T09:57:10 IST" duration-ms="1021">
      <class name="com.test.GetAPITest">
        <test-method is-config="true" signature="setUp()[pri:0, instance:com.test.GetAPITest@157853da]" started-at="2021-03-05T09:57:09 IST" name="setUp" finished-at="2021-03-05T09:57:09 IST" duration-ms="30" status="PASS">
          <reporter-output>
          </reporter-output>
        </test-method> <!-- setUp -->
        <test-method signature="getAPITest()[pri:0, instance:com.test.GetAPITest@157853da]" started-at="2021-03-05T09:57:09 IST" name="getAPITest" finished-at="2021-03-05T09:57:10 IST" duration-ms="961" status="PASS">
          <reporter-output>
          </reporter-output>
        </test-method> <!-- getAPITest -->
      </class> <!-- com.test.GetAPITest -->
    </test> <!-- Default test -->
  </suite> <!-- Default suite -->
</testng-results>
